<?xml version="1.0" encoding="UTF-8"?>
<testng-results ignored="0" total="1" passed="1" failed="0" skipped="0">
  <reporter-output>
  </reporter-output>
  <suite started-at="2022-01-19T17:05:30 CET" name="Default Suite" finished-at="2022-01-19T17:05:41 CET" duration-ms="10694">
    <groups>
    </groups>
    <test started-at="2022-01-19T17:05:30 CET" name="Nedelja6" finished-at="2022-01-19T17:05:41 CET" duration-ms="10694">
      <class name="TestSignIn">
        <test-method is-config="true" signature="init()[pri:0, instance:TestSignIn@63475ace]" started-at="2022-01-19T17:05:30 CET" name="init" finished-at="2022-01-19T17:05:33 CET" duration-ms="2914" status="PASS">
          <reporter-output>
          </reporter-output>
        </test-method> <!-- init -->
        <test-method signature="testSignInCreateAccount()[pri:0, instance:TestSignIn@63475ace]" started-at="2022-01-19T17:05:33 CET" name="testSignInCreateAccount" finished-at="2022-01-19T17:05:41 CET" duration-ms="7675" status="PASS">
          <reporter-output>
          </reporter-output>
        </test-method> <!-- testSignInCreateAccount -->
        <test-method is-config="true" signature="zatvoriWebDriver()[pri:0, instance:TestSignIn@63475ace]" started-at="2022-01-19T17:05:41 CET" name="zatvoriWebDriver" finished-at="2022-01-19T17:05:41 CET" duration-ms="68" status="PASS">
          <reporter-output>
          </reporter-output>
        </test-method> <!-- zatvoriWebDriver -->
      </class> <!-- TestSignIn -->
    </test> <!-- Nedelja6 -->
  </suite> <!-- Default Suite -->
</testng-results>
